<?xml version="1.0" encoding="UTF-8"?>
<testsuite name="CriptografiaTeste" tests="1" skipped="0" failures="0" errors="0" timestamp="2022-03-06T23:49:56" hostname="DESKTOP-JTM2SQ9" time="0.086">
  <properties/>
  <testcase name="Criptografia_Frase_Valida()" classname="CriptografiaTeste" time="0.086"/>
  <system-out><![CDATA[]]></system-out>
  <system-err><![CDATA[]]></system-err>
</testsuite>
